
> closekart-frontend@0.0.0 predeploy
> npm run build


> closekart-frontend@0.0.0 build
> vite build

vite v5.4.21 building for production...
transforming...
✓ 1625 modules transformed.
rendering chunks...
computing gzip size...
dist/index.html                                0.75 kB │ gzip:  0.41 kB
dist/assets/index-B1gqtEiY.css                60.77 kB │ gzip: 14.37 kB
dist/assets/OAuthSuccess-DUbVGSir.js           0.27 kB │ gzip:  0.23 kB
dist/assets/check-DpUQCiV_.js                  0.29 kB │ gzip:  0.24 kB
dist/assets/navigation-Cu9E853k.js             0.32 kB │ gzip:  0.26 kB
dist/assets/plus-CV4j3BCZ.js                   0.32 kB │ gzip:  0.25 kB
dist/assets/x-I3dpiEVg.js                      0.32 kB │ gzip:  0.25 kB
dist/assets/arrow-right-B6-Mt8DZ.js            0.33 kB │ gzip:  0.27 kB
dist/assets/clock-CQt45-KC.js                  0.35 kB │ gzip:  0.27 kB
dist/assets/check-circle--SI0HbWY.js           0.36 kB │ gzip:  0.28 kB
dist/assets/x-circle-DOQGvn57.js               0.37 kB │ gzip:  0.28 kB
dist/assets/star-DE4d8kiE.js                   0.38 kB │ gzip:  0.29 kB
dist/assets/camera-CXjeMFnb.js                 0.42 kB │ gzip:  0.31 kB
dist/assets/map-FQ_1yLBQ.js                    0.43 kB │ gzip:  0.32 kB
dist/assets/image-B_oNavkB.js                  0.44 kB │ gzip:  0.33 kB
dist/assets/save-BZ7bObXd.js                   0.45 kB │ gzip:  0.32 kB
dist/assets/users-bhZwmIJz.js                  0.47 kB │ gzip:  0.33 kB
dist/assets/package-DHN8JVP-.js                0.53 kB │ gzip:  0.35 kB
dist/assets/phone-DKyhLSYB.js                  0.56 kB │ gzip:  0.36 kB
dist/assets/truck-D92cbnPP.js                  0.57 kB │ gzip:  0.37 kB
dist/assets/swapKeeperApi-Cu5V52h6.js          0.61 kB │ gzip:  0.27 kB
dist/assets/Cart-DAoKtcO7.js                   0.63 kB │ gzip:  0.39 kB
dist/assets/AuthSuccess-DB4gVzuW.js            0.65 kB │ gzip:  0.42 kB
dist/assets/authService-BGc9l61N.js            0.68 kB │ gzip:  0.34 kB
dist/assets/loader-CXPF8n8t.js                 0.73 kB │ gzip:  0.37 kB
dist/assets/sliders-horizontal-BB8q03sk.js     0.75 kB │ gzip:  0.37 kB
dist/assets/trash-2-hkej5w4U.js                0.84 kB │ gzip:  0.43 kB
dist/assets/hash-CShpUhFf.js                   1.13 kB │ gzip:  0.47 kB
dist/assets/ProductCard-ftRiPMqd.js            1.36 kB │ gzip:  0.65 kB
dist/assets/ForgotPassword-BUdH60r3.js         1.74 kB │ gzip:  0.86 kB
dist/assets/Wishlist-D9L9XbuI.js               1.81 kB │ gzip:  0.77 kB
dist/assets/AdminDashboard-_J6MVZ8K.js         2.02 kB │ gzip:  0.79 kB
dist/assets/ResetPassword-CY4pYbCw.js          2.05 kB │ gzip:  0.87 kB
dist/assets/Play-Bn_iHwP0.js                   2.69 kB │ gzip:  1.30 kB
dist/assets/Register-Dab50-oA.js               2.71 kB │ gzip:  1.00 kB
dist/assets/RegisterShop-DOClTCpU.js           2.82 kB │ gzip:  1.20 kB
dist/assets/Pricing-BKy1uu3m.js                3.08 kB │ gzip:  1.37 kB
dist/assets/EditProfile-Orb4su1k.js            3.20 kB │ gzip:  1.37 kB
dist/assets/ShopDetails-DWPT7kIB.js            3.55 kB │ gzip:  1.31 kB
dist/assets/SellerUploadShort-B30uatjb.js      3.61 kB │ gzip:  1.41 kB
dist/assets/SwapKeeperLayout-SWiQYA0a.js       3.62 kB │ gzip:  1.32 kB
dist/assets/Orders-BEOHbWvl.js                 4.61 kB │ gzip:  1.66 kB
dist/assets/Shops-C7PkCbRZ.js                  4.69 kB │ gzip:  1.81 kB
dist/assets/About-CbynfJ6w.js                  5.14 kB │ gzip:  2.09 kB
dist/assets/Home-BTSiGyLg.js                   5.17 kB │ gzip:  2.13 kB
dist/assets/SwapKeeperOrders-Co1HctXx.js       5.20 kB │ gzip:  1.80 kB
dist/assets/Login-CBHSc-E4.js                  5.71 kB │ gzip:  1.87 kB
dist/assets/Search-CuknBo_V.js                 6.63 kB │ gzip:  2.55 kB
dist/assets/MapPicker-DVeoW8a1.js              6.72 kB │ gzip:  2.65 kB
dist/assets/SwapKeeperDashboard-DLenrFmU.js    8.46 kB │ gzip:  2.66 kB
dist/assets/ShopDashboard-KrK7PIHp.js          8.69 kB │ gzip:  2.93 kB
dist/assets/SwapKeeperItems-MwUqBu7h.js        9.19 kB │ gzip:  2.56 kB
dist/assets/SwapKeeperProfile-NRsif1_g.js      9.29 kB │ gzip:  3.35 kB
dist/assets/Profile-B9xtDAr1.js                9.38 kB │ gzip:  2.91 kB
dist/assets/ShopMap-Dp8kDxlQ.js               10.31 kB │ gzip:  6.70 kB
dist/assets/ShopLocationPicker-C3K0Jtg0.js    10.71 kB │ gzip:  3.91 kB
dist/assets/SelectAddressPage-Bj0QNI-4.js     19.20 kB │ gzip:  5.88 kB
dist/assets/TileLayer-kbYFhYAk.js            154.27 kB │ gzip: 45.06 kB
dist/assets/index-CjyaYRmW.js                236.49 kB │ gzip: 77.95 kB
✓ built in 1.66s

> closekart-frontend@0.0.0 deploy
> gh-pages -d dist

Published
